Using pre-set license
Built from '2020.3/staging' branch; Version is '2020.3.30f1 (1fb1bf06830e) revision 2077119'; Using compiler version '192528614'; Build Type 'Release'
OS: 'Windows 10  (10.0.19042) 64bit Professional' Language: 'en' Physical Memory: 16122 MB
BatchMode: 1, IsHumanControllingUs: 0, StartBugReporterOnCrash: 0, Is64bit: 1, IsPro: 0

COMMAND LINE ARGUMENTS:
C:\Program Files\Unity\Hub\Editor\2020.3.30f1\Editor\Unity.exe
-adb2
-batchMode
-noUpm
-name
AssetImportWorker0
-projectPath
C:/Users/wmcca/Documents/GitHub/Orbullet/Orbullet
-logFile
Logs/AssetImportWorker0.log
-srvPort
64662
Successfully changed project path to: C:/Users/wmcca/Documents/GitHub/Orbullet/Orbullet
C:/Users/wmcca/Documents/GitHub/Orbullet/Orbullet
Using Asset Import Pipeline V2.
Refreshing native plugins compatible for Editor in 68.74 ms, found 2 plugins.
Preloading 0 native plugins for Editor in 0.00 ms.
Initialize engine version: 2020.3.30f1 (1fb1bf06830e)
[Subsystems] Discovering subsystems at path C:/Program Files/Unity/Hub/Editor/2020.3.30f1/Editor/Data/Resources/UnitySubsystems
[Subsystems] Discovering subsystems at path C:/Users/wmcca/Documents/GitHub/Orbullet/Orbullet/Assets
GfxDevice: creating device client; threaded=0
Direct3D:
    Version:  Direct3D 11.0 [level 11.1]
    Renderer: NVIDIA GeForce RTX 3060 Laptop GPU (ID=0x2520)
    Vendor:   
    VRAM:     6023 MB
    Driver:   30.0.14.9649
Initialize mono
Mono path[0] = 'C:/Program Files/Unity/Hub/Editor/2020.3.30f1/Editor/Data/Managed'
Mono path[1] = 'C:/Program Files/Unity/Hub/Editor/2020.3.30f1/Editor/Data/MonoBleedingEdge/lib/mono/unityjit'
Mono config path = 'C:/Program Files/Unity/Hub/Editor/2020.3.30f1/Editor/Data/MonoBleedingEdge/etc'
Using monoOptions --debugger-agent=transport=dt_socket,embedding=1,server=y,suspend=n,address=127.0.0.1:56532
Begin MonoManager ReloadAssembly
Registering precompiled unity dll's ...
Register platform support module: C:/Program Files/Unity/Hub/Editor/2020.3.30f1/Editor/Data/PlaybackEngines/WebGLSupport/UnityEditor.WebGL.Extensions.dll
Register platform support module: C:/Program Files/Unity/Hub/Editor/2020.3.30f1/Editor/Data/PlaybackEngines/WindowsStandaloneSupport/UnityEditor.WindowsStandalone.Extensions.dll
Registered in 0.003518 seconds.
Native extension for WindowsStandalone target not found
Native extension for WebGL target not found
Refreshing native plugins compatible for Editor in 32.03 ms, found 2 plugins.
Preloading 0 native plugins for Editor in 0.00 ms.
Mono: successfully reloaded assembly
- Completed reload, in  0.663 seconds
Domain Reload Profiling:
	ReloadAssembly (663ms)
		BeginReloadAssembly (95ms)
			ExecutionOrderSort (0ms)
			DisableScriptedObjects (0ms)
			BackupInstance (0ms)
			ReleaseScriptingObjects (0ms)
			CreateAndSetChildDomain (2ms)
		EndReloadAssembly (468ms)
			LoadAssemblies (92ms)
			RebuildTransferFunctionScriptingTraits (0ms)
			SetupTypeCache (200ms)
			ReleaseScriptCaches (0ms)
			RebuildScriptCaches (36ms)
			SetupLoadedEditorAssemblies (146ms)
				LogAssemblyErrors (0ms)
				InitializePlatformSupportModulesInManaged (5ms)
				SetLoadedEditorAssemblies (0ms)
				RefreshPlugins (32ms)
				BeforeProcessingInitializeOnLoad (8ms)
				ProcessInitializeOnLoadAttributes (76ms)
				ProcessInitializeOnLoadMethodAttributes (24ms)
				AfterProcessingInitializeOnLoad (0ms)
				EditorAssembliesLoaded (0ms)
			ExecutionOrderSort2 (0ms)
			AwakeInstancesAfterBackupRestoration (0ms)
Platform modules already initialized, skipping
Registering precompiled user dll's ...
Registered in 0.003289 seconds.
Begin MonoManager ReloadAssembly
Native extension for WindowsStandalone target not found
Native extension for WebGL target not found
Refreshing native plugins compatible for Editor in 42.76 ms, found 2 plugins.
Preloading 0 native plugins for Editor in 0.00 ms.
Mono: successfully reloaded assembly
- Completed reload, in  1.073 seconds
Domain Reload Profiling:
	ReloadAssembly (1074ms)
		BeginReloadAssembly (163ms)
			ExecutionOrderSort (0ms)
			DisableScriptedObjects (4ms)
			BackupInstance (0ms)
			ReleaseScriptingObjects (0ms)
			CreateAndSetChildDomain (24ms)
		EndReloadAssembly (854ms)
			LoadAssemblies (98ms)
			RebuildTransferFunctionScriptingTraits (0ms)
			SetupTypeCache (279ms)
			ReleaseScriptCaches (0ms)
			RebuildScriptCaches (44ms)
			SetupLoadedEditorAssemblies (357ms)
				LogAssemblyErrors (0ms)
				InitializePlatformSupportModulesInManaged (4ms)
				SetLoadedEditorAssemblies (1ms)
				RefreshPlugins (43ms)
				BeforeProcessingInitializeOnLoad (71ms)
				ProcessInitializeOnLoadAttributes (224ms)
				ProcessInitializeOnLoadMethodAttributes (7ms)
				AfterProcessingInitializeOnLoad (7ms)
				EditorAssembliesLoaded (0ms)
			ExecutionOrderSort2 (0ms)
			AwakeInstancesAfterBackupRestoration (6ms)
Platform modules already initialized, skipping
========================================================================
Worker process is ready to serve import requests
Launched and connected shader compiler UnityShaderCompiler.exe after 0.05 seconds
Refreshing native plugins compatible for Editor in 0.91 ms, found 2 plugins.
Preloading 0 native plugins for Editor in 0.00 ms.
Unloading 2035 Unused Serialized files (Serialized files now loaded: 0)
System memory in use before: 178.6 MB.
System memory in use after: 178.7 MB.

Unloading 19 unused Assets to reduce memory usage. Loaded Objects now: 2493.
Total: 6.094300 ms (FindLiveObjects: 1.102500 ms CreateObjectMapping: 0.278500 ms MarkObjects: 4.589700 ms  DeleteObjects: 0.118300 ms)

AssetImportParameters requested are different than current active one (requested -> active):
  custom:framework-win-MediaFoundation: 216162199b28c13a410421893ffa2e32 -> 
  custom:video-decoder-ogg-theora: a1e56fd34408186e4bbccfd4996cb3dc -> 
  custom:container-muxer-webm: aa71ff27fc2769a1b78a27578f13a17b -> 
  custom:container-demuxer-webm: 4f35f7cbe854078d1ac9338744f61a02 -> 
  custom:container-demuxer-ogg: 62fdf1f143b41e24485cea50d1cbac27 -> 
  custom:video-encoder-webm-vp8: eb34c28f22e8b96e1ab97ce403110664 -> 
  custom:video-codec-MediaFoundation-h265: 746d11721c4dcdbdad8f713fa42b33f4 -> 
  custom:video-decoder-webm-vp8: 9c59270c3fd7afecdb556c50c9e8de78 -> 
  custom:audio-decoder-ogg-vorbis: bf7c407c2cedff20999df2af8eb42d56 -> 
  custom:audio-encoder-webm-vorbis: bf7c407c2cedff20999df2af8eb42d56 -> 
========================================================================
Received Import Request.
  path: Assets/TextMesh Pro/Resources/Fonts & Materials/LiberationSans SDF - Outline.mat
  artifactKey: Guid(79459efec17a4d00a321bdcc27bbc385) Importer(815301076,1909f56bfc062723c751e8b465ee728b)
Start importing Assets/TextMesh Pro/Resources/Fonts & Materials/LiberationSans SDF - Outline.mat using Guid(79459efec17a4d00a321bdcc27bbc385) Importer(815301076,1909f56bfc062723c751e8b465ee728b)  -> (artifact id: '73bfc51c5222557aa47c55c3d1b82acd') in 0.192006 seconds 
========================================================================
Received Import Request.
  Time since last request: 0.000156 seconds.
  path: Assets/Materials/HitSpark.mat
  artifactKey: Guid(de77b67d00a86624985d12b44ad778b0) Importer(815301076,1909f56bfc062723c751e8b465ee728b)
Start importing Assets/Materials/HitSpark.mat using Guid(de77b67d00a86624985d12b44ad778b0) Importer(815301076,1909f56bfc062723c751e8b465ee728b)  -> (artifact id: '1e21ba8630c65773ce9b6d0ac7458f10') in 0.079456 seconds 
========================================================================
Received Import Request.
  Time since last request: 0.000351 seconds.
  path: Assets/Meshes/Drone.fbx
  artifactKey: Guid(ac4739aff90fe754f842f6c7b6a49f0a) Importer(815301076,1909f56bfc062723c751e8b465ee728b)
Start importing Assets/Meshes/Drone.fbx using Guid(ac4739aff90fe754f842f6c7b6a49f0a) Importer(815301076,1909f56bfc062723c751e8b465ee728b)  -> (artifact id: '8f2b1fc8236f4bfcebb848d9e0556876') in 0.299718 seconds 
========================================================================
Received Import Request.
  Time since last request: 0.000184 seconds.
  path: Assets/Materials/Hologram.mat
  artifactKey: Guid(975f9daea152fe642a589b4feb9beb3e) Importer(815301076,1909f56bfc062723c751e8b465ee728b)
Start importing Assets/Materials/Hologram.mat using Guid(975f9daea152fe642a589b4feb9beb3e) Importer(815301076,1909f56bfc062723c751e8b465ee728b)  -> (artifact id: '04ded009caffb85e153ba08f167b1d13') in 0.171178 seconds 
========================================================================
Received Import Request.
  Time since last request: 0.000183 seconds.
  path: Assets/TextAssets/Fonts/PressStart2P-Regular.ttf
  artifactKey: Guid(c8b83b2831ae5b84ea6dfc171b295c70) Importer(815301076,1909f56bfc062723c751e8b465ee728b)
Start importing Assets/TextAssets/Fonts/PressStart2P-Regular.ttf using Guid(c8b83b2831ae5b84ea6dfc171b295c70) Importer(815301076,1909f56bfc062723c751e8b465ee728b)  -> (artifact id: 'fd0423a2311819aad15a5cecd4be4a2e') in 0.036350 seconds 
========================================================================
Received Import Request.
  Time since last request: 0.000261 seconds.
  path: Assets/TextMesh Pro/Fonts/LiberationSans.ttf
  artifactKey: Guid(e3265ab4bf004d28a9537516768c1c75) Importer(815301076,1909f56bfc062723c751e8b465ee728b)
Start importing Assets/TextMesh Pro/Fonts/LiberationSans.ttf using Guid(e3265ab4bf004d28a9537516768c1c75) Importer(815301076,1909f56bfc062723c751e8b465ee728b)  -> (artifact id: '2566223dade2325c3a5d9705fa305686') in 0.014449 seconds 
========================================================================
Received Import Request.
  Time since last request: 0.000209 seconds.
  path: Assets/TextMesh Pro/Resources/Fonts & Materials/LiberationSans SDF - Drop Shadow.mat
  artifactKey: Guid(e73a58f6e2794ae7b1b7e50b7fb811b0) Importer(815301076,1909f56bfc062723c751e8b465ee728b)
Start importing Assets/TextMesh Pro/Resources/Fonts & Materials/LiberationSans SDF - Drop Shadow.mat using Guid(e73a58f6e2794ae7b1b7e50b7fb811b0) Importer(815301076,1909f56bfc062723c751e8b465ee728b)  -> (artifact id: '482a362b8fe5ce36b302051eaf90a735') in 0.090853 seconds 
========================================================================
Received Import Request.
  Time since last request: 0.000238 seconds.
  path: Assets/Materials/GridSkybox.mat
  artifactKey: Guid(8ebef8bd6e4debc41a485067fcd5583f) Importer(815301076,1909f56bfc062723c751e8b465ee728b)
Start importing Assets/Materials/GridSkybox.mat using Guid(8ebef8bd6e4debc41a485067fcd5583f) Importer(815301076,1909f56bfc062723c751e8b465ee728b)  -> (artifact id: '268b50c711ad710e443cad1d3ee3a507') in 0.011875 seconds 
========================================================================
Received Import Request.
  Time since last request: 0.000277 seconds.
  path: Assets/Materials/Gunmetal.mat
  artifactKey: Guid(0893ba4e9be4dc54baccd984dfd66689) Importer(815301076,1909f56bfc062723c751e8b465ee728b)
Start importing Assets/Materials/Gunmetal.mat using Guid(0893ba4e9be4dc54baccd984dfd66689) Importer(815301076,1909f56bfc062723c751e8b465ee728b)  -> (artifact id: '499ed3446cd581f04ff4440120f71167') in 0.012151 seconds 
========================================================================
Received Import Request.
  Time since last request: 6.923280 seconds.
  path: Assets/Materials/Bullet.mat
  artifactKey: Guid(bbbe822b1e444be4283304e6aab58d3a) Importer(815301076,1909f56bfc062723c751e8b465ee728b)
Start importing Assets/Materials/Bullet.mat using Guid(bbbe822b1e444be4283304e6aab58d3a) Importer(815301076,1909f56bfc062723c751e8b465ee728b)  -> (artifact id: 'fb4bb8ea961cf0172f59aff2f269fb5a') in 0.012212 seconds 
========================================================================
Received Import Request.
  Time since last request: 0.000206 seconds.
  path: Assets/Materials/Light.mat
  artifactKey: Guid(482506fbd9398224ebfd222451557a4d) Importer(815301076,1909f56bfc062723c751e8b465ee728b)
Start importing Assets/Materials/Light.mat using Guid(482506fbd9398224ebfd222451557a4d) Importer(815301076,1909f56bfc062723c751e8b465ee728b)  -> (artifact id: 'ae62b2a1cfe5c5ac118a5520b3558c8c') in 0.128570 seconds 
========================================================================
Received Import Request.
  Time since last request: 0.000294 seconds.
  path: Assets/Materials/CorrugatedMetal.mat
  artifactKey: Guid(9544daa680e0dad4a80d798e04a0c990) Importer(815301076,1909f56bfc062723c751e8b465ee728b)
Start importing Assets/Materials/CorrugatedMetal.mat using Guid(9544daa680e0dad4a80d798e04a0c990) Importer(815301076,1909f56bfc062723c751e8b465ee728b)  -> (artifact id: '6fd63ff7d3682ba1aee7ce70811f3379') in 0.014393 seconds 
========================================================================
Received Import Request.
  Time since last request: 0.000232 seconds.
  path: Assets/Materials/LightParticle.mat
  artifactKey: Guid(79a0aa3a896190f49bce4f64b399ac9d) Importer(815301076,1909f56bfc062723c751e8b465ee728b)
Start importing Assets/Materials/LightParticle.mat using Guid(79a0aa3a896190f49bce4f64b399ac9d) Importer(815301076,1909f56bfc062723c751e8b465ee728b)  -> (artifact id: '51f30e9a24e73e6e29524eb28b758680') in 0.015081 seconds 
========================================================================
Received Import Request.
  Time since last request: 0.000218 seconds.
  path: Assets/Materials/TargetMat.mat
  artifactKey: Guid(2fd0bb8d51a79a84dbc26d8b909eff5b) Importer(815301076,1909f56bfc062723c751e8b465ee728b)
Start importing Assets/Materials/TargetMat.mat using Guid(2fd0bb8d51a79a84dbc26d8b909eff5b) Importer(815301076,1909f56bfc062723c751e8b465ee728b)  -> (artifact id: 'cec06cf30cfba7fd54b2d8c88e34f23d') in 0.178106 seconds 
========================================================================
Received Import Request.
  Time since last request: 0.000223 seconds.
  path: Assets/Materials/SteveHarvey.mat
  artifactKey: Guid(0ccddfa74caabf04ba6933a08d87b45e) Importer(815301076,1909f56bfc062723c751e8b465ee728b)
Start importing Assets/Materials/SteveHarvey.mat using Guid(0ccddfa74caabf04ba6933a08d87b45e) Importer(815301076,1909f56bfc062723c751e8b465ee728b)  -> (artifact id: 'cec84bdba18fff012d6f5f8607873223') in 0.015071 seconds 
========================================================================
Received Import Request.
  Time since last request: 0.000229 seconds.
  path: Assets/Materials/Planet2.mat
  artifactKey: Guid(9e26000785cfe7c47861df599ca46d97) Importer(815301076,1909f56bfc062723c751e8b465ee728b)
Start importing Assets/Materials/Planet2.mat using Guid(9e26000785cfe7c47861df599ca46d97) Importer(815301076,1909f56bfc062723c751e8b465ee728b)  -> (artifact id: 'fa180a66f40ce6d37679d555b10b2959') in 0.168772 seconds 
========================================================================
Received Import Request.
  Time since last request: 0.000185 seconds.
  path: Assets/Materials/Wall.mat
  artifactKey: Guid(8ddc1039342f35a4f8b666f6ab6feeb2) Importer(815301076,1909f56bfc062723c751e8b465ee728b)
Start importing Assets/Materials/Wall.mat using Guid(8ddc1039342f35a4f8b666f6ab6feeb2) Importer(815301076,1909f56bfc062723c751e8b465ee728b)  -> (artifact id: 'bc3c126f6c63bef868f01f71c435fe0e') in 0.011162 seconds 
========================================================================
Received Import Request.
  Time since last request: 0.000158 seconds.
  path: Assets/Materials/Space.mat
  artifactKey: Guid(f821dd681ed1f044aa2d2c7197cc9771) Importer(815301076,1909f56bfc062723c751e8b465ee728b)
Start importing Assets/Materials/Space.mat using Guid(f821dd681ed1f044aa2d2c7197cc9771) Importer(815301076,1909f56bfc062723c751e8b465ee728b)  -> (artifact id: '3b52dcc8dba72181360f10d859df80a0') in 0.019730 seconds 
========================================================================
Received Import Request.
  Time since last request: 0.000236 seconds.
  path: Assets/Materials/Floor.mat
  artifactKey: Guid(04bc435f2ff17bd44b6ae091d57e9735) Importer(815301076,1909f56bfc062723c751e8b465ee728b)
Start importing Assets/Materials/Floor.mat using Guid(04bc435f2ff17bd44b6ae091d57e9735) Importer(815301076,1909f56bfc062723c751e8b465ee728b)  -> (artifact id: 'c5a4aa5acabc2da95413a2e9b8367e0c') in 0.013034 seconds 
========================================================================
Received Import Request.
  Time since last request: 0.000189 seconds.
  path: Assets/Materials/SpaceSkybox.jpg
  artifactKey: Guid(ecfe276a124d8a842ab0dff205472c43) Importer(815301076,1909f56bfc062723c751e8b465ee728b)
Start importing Assets/Materials/SpaceSkybox.jpg using Guid(ecfe276a124d8a842ab0dff205472c43) Importer(815301076,1909f56bfc062723c751e8b465ee728b)  -> (artifact id: 'e41d4ac69680ef2b15df76c05d66c459') in 0.027109 seconds 
========================================================================
Received Import Request.
  Time since last request: 0.000214 seconds.
  path: Assets/Materials/DroneBody.mat
  artifactKey: Guid(04a3f6aec4fcb574da56ff753c926990) Importer(815301076,1909f56bfc062723c751e8b465ee728b)
Start importing Assets/Materials/DroneBody.mat using Guid(04a3f6aec4fcb574da56ff753c926990) Importer(815301076,1909f56bfc062723c751e8b465ee728b)  -> (artifact id: '7ef707c4707e7ae29da1614dd1b0802b') in 0.141532 seconds 
========================================================================
Received Import Request.
  Time since last request: 0.000213 seconds.
  path: Assets/Materials/TargetMat.png
  artifactKey: Guid(d0365f09a62b23f4cb8fe74d8c3042c2) Importer(815301076,1909f56bfc062723c751e8b465ee728b)
Start importing Assets/Materials/TargetMat.png using Guid(d0365f09a62b23f4cb8fe74d8c3042c2) Importer(815301076,1909f56bfc062723c751e8b465ee728b)  -> (artifact id: 'a0af97a2e6330044b187e48cb7474b09') in 0.009753 seconds 
========================================================================
Received Import Request.
  Time since last request: 58.943760 seconds.
  path: Assets/Materials/SkyNeutralBlue.mat
  artifactKey: Guid(a70301b33137fd549945f41272d7f636) Importer(815301076,1909f56bfc062723c751e8b465ee728b)
Start importing Assets/Materials/SkyNeutralBlue.mat using Guid(a70301b33137fd549945f41272d7f636) Importer(815301076,1909f56bfc062723c751e8b465ee728b)  -> (artifact id: '018c99aa91790646a4d2ee032e85e286') in 0.011411 seconds 
========================================================================
Received Import Request.
  Time since last request: 318.235491 seconds.
  path: Assets/Scenes/TestLevel
  artifactKey: Guid(f8d2b9116cd99e841b1d1f4d0956fa47) Importer(815301076,1909f56bfc062723c751e8b465ee728b)
Start importing Assets/Scenes/TestLevel using Guid(f8d2b9116cd99e841b1d1f4d0956fa47) Importer(815301076,1909f56bfc062723c751e8b465ee728b)  -> (artifact id: '0a254dba4922e5d1569b9f4f600c44ff') in 0.003779 seconds 
========================================================================
Received Import Request.
  Time since last request: 0.038003 seconds.
  path: Assets/Scenes/TestLevel/LightingData.asset
  artifactKey: Guid(e3f12db121e6b0a4fba160328937eab3) Importer(815301076,1909f56bfc062723c751e8b465ee728b)
Start importing Assets/Scenes/TestLevel/LightingData.asset using Guid(e3f12db121e6b0a4fba160328937eab3) Importer(815301076,1909f56bfc062723c751e8b465ee728b)  -> (artifact id: 'd56a7092b71e6b36eab491967f23ada9') in 0.008865 seconds 
========================================================================
Received Import Request.
  Time since last request: 0.000226 seconds.
  path: Assets/Scenes/TestLevel/Lightmap-2_comp_dir.png
  artifactKey: Guid(bf84303f8e6fd8443b8b932c3ef69d1d) Importer(815301076,1909f56bfc062723c751e8b465ee728b)
Start importing Assets/Scenes/TestLevel/Lightmap-2_comp_dir.png using Guid(bf84303f8e6fd8443b8b932c3ef69d1d) Importer(815301076,1909f56bfc062723c751e8b465ee728b)  -> (artifact id: 'a665b4b2cb10a0d76fa292241d8adf90') in 0.016549 seconds 
========================================================================
Received Import Request.
  Time since last request: 0.000214 seconds.
  path: Assets/Scenes/TestLevel/NavMesh.asset
  artifactKey: Guid(5c167d97e05c12344a53f2efcb4663eb) Importer(815301076,1909f56bfc062723c751e8b465ee728b)
Start importing Assets/Scenes/TestLevel/NavMesh.asset using Guid(5c167d97e05c12344a53f2efcb4663eb) Importer(815301076,1909f56bfc062723c751e8b465ee728b)  -> (artifact id: '8671f3de4ed4d0ac7e1b3736547333c8') in 0.005143 seconds 
========================================================================
Received Import Request.
  Time since last request: 0.000273 seconds.
  path: Assets/Scenes/TestLevel/Lightmap-5_comp_dir.png
  artifactKey: Guid(aa0eede8997521842b602e92f2fcd6ce) Importer(815301076,1909f56bfc062723c751e8b465ee728b)
Start importing Assets/Scenes/TestLevel/Lightmap-5_comp_dir.png using Guid(aa0eede8997521842b602e92f2fcd6ce) Importer(815301076,1909f56bfc062723c751e8b465ee728b)  -> (artifact id: '360cc0252fa9727a0fe456cbe98dff8f') in 0.013737 seconds 
========================================================================
Received Import Request.
  Time since last request: 0.000237 seconds.
  path: Assets/Scenes/TestLevel/Lightmap-2_comp_light.exr
  artifactKey: Guid(0b4e265d4847c7d47a6f34c4effc44f1) Importer(815301076,1909f56bfc062723c751e8b465ee728b)
Start importing Assets/Scenes/TestLevel/Lightmap-2_comp_light.exr using Guid(0b4e265d4847c7d47a6f34c4effc44f1) Importer(815301076,1909f56bfc062723c751e8b465ee728b)  -> (artifact id: '3bedbb26923abc2e2b663e847aeda36c') in 0.023113 seconds 
========================================================================
Received Import Request.
  Time since last request: 0.000246 seconds.
  path: Assets/Scenes/TestLevel/Lightmap-1_comp_dir.png
  artifactKey: Guid(6fd39bb568bf7e9458c9337dbc29417f) Importer(815301076,1909f56bfc062723c751e8b465ee728b)
Start importing Assets/Scenes/TestLevel/Lightmap-1_comp_dir.png using Guid(6fd39bb568bf7e9458c9337dbc29417f) Importer(815301076,1909f56bfc062723c751e8b465ee728b)  -> (artifact id: 'e1c90982f20fbbe92e43162be6ea0875') in 0.013541 seconds 
========================================================================
Received Import Request.
  Time since last request: 0.000241 seconds.
  path: Assets/Scenes/TestLevel/Lightmap-5_comp_light.exr
  artifactKey: Guid(89ac9b53c04c4384aaaa3899b8a68144) Importer(815301076,1909f56bfc062723c751e8b465ee728b)
Start importing Assets/Scenes/TestLevel/Lightmap-5_comp_light.exr using Guid(89ac9b53c04c4384aaaa3899b8a68144) Importer(815301076,1909f56bfc062723c751e8b465ee728b)  -> (artifact id: 'c01bc18c725b17962088d29ddbce9ccd') in 0.015491 seconds 
========================================================================
Received Import Request.
  Time since last request: 0.000239 seconds.
  path: Assets/Scenes/TestLevel/Lightmap-4_comp_dir.png
  artifactKey: Guid(2dd02da66c8498e478a28e797f75d893) Importer(815301076,1909f56bfc062723c751e8b465ee728b)
Start importing Assets/Scenes/TestLevel/Lightmap-4_comp_dir.png using Guid(2dd02da66c8498e478a28e797f75d893) Importer(815301076,1909f56bfc062723c751e8b465ee728b)  -> (artifact id: '1c8c71e3adf1038886a476c3b8802a48') in 0.015331 seconds 
========================================================================
Received Import Request.
  Time since last request: 0.000261 seconds.
  path: Assets/Scenes/TestLevel/ReflectionProbe-0.exr
  artifactKey: Guid(d306d33ba62fd9e4b94ff4f953f54a49) Importer(815301076,1909f56bfc062723c751e8b465ee728b)
Start importing Assets/Scenes/TestLevel/ReflectionProbe-0.exr using Guid(d306d33ba62fd9e4b94ff4f953f54a49) Importer(815301076,1909f56bfc062723c751e8b465ee728b)  -> (artifact id: 'e49ecd04398418264089c9a6146fc69f') in 0.029306 seconds 
========================================================================
Received Import Request.
  Time since last request: 0.000380 seconds.
  path: Assets/Scenes/TestLevel/Lightmap-0_comp_light.exr
  artifactKey: Guid(68aff6739d2944649ba9e7e61478c8d7) Importer(815301076,1909f56bfc062723c751e8b465ee728b)
Start importing Assets/Scenes/TestLevel/Lightmap-0_comp_light.exr using Guid(68aff6739d2944649ba9e7e61478c8d7) Importer(815301076,1909f56bfc062723c751e8b465ee728b)  -> (artifact id: '8b021feb73fbb9dc97320904dd179510') in 0.013470 seconds 
========================================================================
Received Import Request.
  Time since last request: 0.000365 seconds.
  path: Assets/Scenes/TestLevel/Lightmap-6_comp_dir.png
  artifactKey: Guid(6537ef6ea8a7ab74c96be95af9cdec17) Importer(815301076,1909f56bfc062723c751e8b465ee728b)
Start importing Assets/Scenes/TestLevel/Lightmap-6_comp_dir.png using Guid(6537ef6ea8a7ab74c96be95af9cdec17) Importer(815301076,1909f56bfc062723c751e8b465ee728b)  -> (artifact id: '0fc2108b8b048a211f919e6b38fb1e2b') in 0.014022 seconds 
========================================================================
Received Import Request.
  Time since last request: 0.000253 seconds.
  path: Assets/Scenes/TestLevel/Lightmap-6_comp_light.exr
  artifactKey: Guid(5035fbff0aa32e54ab1adfa1538f51c4) Importer(815301076,1909f56bfc062723c751e8b465ee728b)
Start importing Assets/Scenes/TestLevel/Lightmap-6_comp_light.exr using Guid(5035fbff0aa32e54ab1adfa1538f51c4) Importer(815301076,1909f56bfc062723c751e8b465ee728b)  -> (artifact id: 'd36512427c86f104d891ac66443fbd56') in 0.013933 seconds 
========================================================================
Received Import Request.
  Time since last request: 0.000244 seconds.
  path: Assets/Scenes/TestLevel/Lightmap-3_comp_dir.png
  artifactKey: Guid(953f62a920158af4db464070e87465f1) Importer(815301076,1909f56bfc062723c751e8b465ee728b)
Start importing Assets/Scenes/TestLevel/Lightmap-3_comp_dir.png using Guid(953f62a920158af4db464070e87465f1) Importer(815301076,1909f56bfc062723c751e8b465ee728b)  -> (artifact id: '2b229ff8a45dd4e0a59cbd661a1e9990') in 0.014299 seconds 
========================================================================
Received Import Request.
  Time since last request: 0.000267 seconds.
  path: Assets/Scenes/TestLevel/Lightmap-1_comp_light.exr
  artifactKey: Guid(d56e92b1804bff749bb2438a8f32cbab) Importer(815301076,1909f56bfc062723c751e8b465ee728b)
Start importing Assets/Scenes/TestLevel/Lightmap-1_comp_light.exr using Guid(d56e92b1804bff749bb2438a8f32cbab) Importer(815301076,1909f56bfc062723c751e8b465ee728b)  -> (artifact id: '2febb1aa84c9b1bdd758f01858906ccd') in 0.013355 seconds 
========================================================================
Received Import Request.
  Time since last request: 0.000257 seconds.
  path: Assets/Scenes/TestLevel/Lightmap-3_comp_light.exr
  artifactKey: Guid(8709f03347e3c9a46aee3722b9161eb5) Importer(815301076,1909f56bfc062723c751e8b465ee728b)
Start importing Assets/Scenes/TestLevel/Lightmap-3_comp_light.exr using Guid(8709f03347e3c9a46aee3722b9161eb5) Importer(815301076,1909f56bfc062723c751e8b465ee728b)  -> (artifact id: '8ac39ae5b682adbc6c2c6a9203017b0a') in 0.013041 seconds 
========================================================================
Received Import Request.
  Time since last request: 0.000306 seconds.
  path: Assets/Scenes/TestLevel/Lightmap-4_comp_light.exr
  artifactKey: Guid(77304047368e4a748afd846399e05545) Importer(815301076,1909f56bfc062723c751e8b465ee728b)
Start importing Assets/Scenes/TestLevel/Lightmap-4_comp_light.exr using Guid(77304047368e4a748afd846399e05545) Importer(815301076,1909f56bfc062723c751e8b465ee728b)  -> (artifact id: '8ae33814fc2d5834d6e2c81382865c44') in 0.012625 seconds 
========================================================================
Received Import Request.
  Time since last request: 0.000292 seconds.
  path: Assets/Scenes/TestLevel/Lightmap-0_comp_dir.png
  artifactKey: Guid(f0ab59e8500034f4f8d2347920af32d3) Importer(815301076,1909f56bfc062723c751e8b465ee728b)
Start importing Assets/Scenes/TestLevel/Lightmap-0_comp_dir.png using Guid(f0ab59e8500034f4f8d2347920af32d3) Importer(815301076,1909f56bfc062723c751e8b465ee728b)  -> (artifact id: 'b9575b2a88dafcf29bf39e85066c4667') in 0.013614 seconds 
========================================================================
Received Import Request.
  Time since last request: 4.724707 seconds.
  path: Assets/Scenes/FirstLevelOption1.unity
  artifactKey: Guid(44eb3298538b31146b1c79a8aa735b9b) Importer(815301076,1909f56bfc062723c751e8b465ee728b)
Start importing Assets/Scenes/FirstLevelOption1.unity using Guid(44eb3298538b31146b1c79a8aa735b9b) Importer(815301076,1909f56bfc062723c751e8b465ee728b)  -> (artifact id: 'c823df1d5b905bbf1abaf8ade68621c5') in 0.088648 seconds 
========================================================================
Received Import Request.
  Time since last request: 0.774667 seconds.
  path: Assets/Scenes/TestLevel.unity
  artifactKey: Guid(d7b44a81407bc2140b97b3e208d71116) Importer(815301076,1909f56bfc062723c751e8b465ee728b)
Start importing Assets/Scenes/TestLevel.unity using Guid(d7b44a81407bc2140b97b3e208d71116) Importer(815301076,1909f56bfc062723c751e8b465ee728b)  -> (artifact id: '359f19712d2e906f9d181c5fafdcda5f') in 0.003304 seconds 
========================================================================
Received Prepare
Registering precompiled user dll's ...
Registered in 0.003774 seconds.
Begin MonoManager ReloadAssembly
Native extension for WindowsStandalone target not found
Native extension for WebGL target not found
Refreshing native plugins compatible for Editor in 0.76 ms, found 2 plugins.
Preloading 0 native plugins for Editor in 0.00 ms.
Mono: successfully reloaded assembly
- Completed reload, in  1.308 seconds
Domain Reload Profiling:
	ReloadAssembly (1309ms)
		BeginReloadAssembly (163ms)
			ExecutionOrderSort (0ms)
			DisableScriptedObjects (5ms)
			BackupInstance (0ms)
			ReleaseScriptingObjects (0ms)
			CreateAndSetChildDomain (45ms)
		EndReloadAssembly (1063ms)
			LoadAssemblies (128ms)
			RebuildTransferFunctionScriptingTraits (0ms)
			SetupTypeCache (348ms)
			ReleaseScriptCaches (2ms)
			RebuildScriptCaches (55ms)
			SetupLoadedEditorAssemblies (430ms)
				LogAssemblyErrors (0ms)
				InitializePlatformSupportModulesInManaged (8ms)
				SetLoadedEditorAssemblies (1ms)
				RefreshPlugins (1ms)
				BeforeProcessingInitializeOnLoad (84ms)
				ProcessInitializeOnLoadAttributes (315ms)
				ProcessInitializeOnLoadMethodAttributes (11ms)
				AfterProcessingInitializeOnLoad (9ms)
				EditorAssembliesLoaded (0ms)
			ExecutionOrderSort2 (0ms)
			AwakeInstancesAfterBackupRestoration (8ms)
Platform modules already initialized, skipping
Refreshing native plugins compatible for Editor in 0.60 ms, found 2 plugins.
Preloading 0 native plugins for Editor in 0.00 ms.
Unloading 1989 Unused Serialized files (Serialized files now loaded: 0)
System memory in use before: 191.8 MB.
System memory in use after: 191.9 MB.

Unloading 13 unused Assets to reduce memory usage. Loaded Objects now: 2549.
Total: 3.572700 ms (FindLiveObjects: 0.172600 ms CreateObjectMapping: 0.053600 ms MarkObjects: 3.305200 ms  DeleteObjects: 0.040200 ms)

AssetImportParameters requested are different than current active one (requested -> active):
  custom:framework-win-MediaFoundation: 216162199b28c13a410421893ffa2e32 -> 
  custom:video-decoder-ogg-theora: a1e56fd34408186e4bbccfd4996cb3dc -> 
  custom:container-muxer-webm: aa71ff27fc2769a1b78a27578f13a17b -> 
  custom:container-demuxer-webm: 4f35f7cbe854078d1ac9338744f61a02 -> 
  custom:container-demuxer-ogg: 62fdf1f143b41e24485cea50d1cbac27 -> 
  custom:video-encoder-webm-vp8: eb34c28f22e8b96e1ab97ce403110664 -> 
  custom:video-codec-MediaFoundation-h265: 746d11721c4dcdbdad8f713fa42b33f4 -> 
  custom:video-decoder-webm-vp8: 9c59270c3fd7afecdb556c50c9e8de78 -> 
  custom:audio-decoder-ogg-vorbis: bf7c407c2cedff20999df2af8eb42d56 -> 
  custom:audio-encoder-webm-vorbis: bf7c407c2cedff20999df2af8eb42d56 -> 
========================================================================
Received Prepare
Registering precompiled user dll's ...
Registered in 0.002859 seconds.
Begin MonoManager ReloadAssembly
Native extension for WindowsStandalone target not found
Native extension for WebGL target not found
Refreshing native plugins compatible for Editor in 0.39 ms, found 2 plugins.
Preloading 0 native plugins for Editor in 0.00 ms.
Mono: successfully reloaded assembly
- Completed reload, in  0.867 seconds
Domain Reload Profiling:
	ReloadAssembly (868ms)
		BeginReloadAssembly (121ms)
			ExecutionOrderSort (0ms)
			DisableScriptedObjects (4ms)
			BackupInstance (0ms)
			ReleaseScriptingObjects (0ms)
			CreateAndSetChildDomain (31ms)
		EndReloadAssembly (690ms)
			LoadAssemblies (96ms)
			RebuildTransferFunctionScriptingTraits (0ms)
			SetupTypeCache (244ms)
			ReleaseScriptCaches (1ms)
			RebuildScriptCaches (34ms)
			SetupLoadedEditorAssemblies (266ms)
				LogAssemblyErrors (0ms)
				InitializePlatformSupportModulesInManaged (4ms)
				SetLoadedEditorAssemblies (1ms)
				RefreshPlugins (0ms)
				BeforeProcessingInitializeOnLoad (46ms)
				ProcessInitializeOnLoadAttributes (201ms)
				ProcessInitializeOnLoadMethodAttributes (8ms)
				AfterProcessingInitializeOnLoad (5ms)
				EditorAssembliesLoaded (0ms)
			ExecutionOrderSort2 (0ms)
			AwakeInstancesAfterBackupRestoration (4ms)
Platform modules already initialized, skipping
Refreshing native plugins compatible for Editor in 0.49 ms, found 2 plugins.
Preloading 0 native plugins for Editor in 0.00 ms.
Unloading 1989 Unused Serialized files (Serialized files now loaded: 0)
System memory in use before: 191.9 MB.
System memory in use after: 192.0 MB.

Unloading 13 unused Assets to reduce memory usage. Loaded Objects now: 2551.
Total: 2.408600 ms (FindLiveObjects: 0.117500 ms CreateObjectMapping: 0.030300 ms MarkObjects: 2.225400 ms  DeleteObjects: 0.034700 ms)

AssetImportParameters requested are different than current active one (requested -> active):
  custom:framework-win-MediaFoundation: 216162199b28c13a410421893ffa2e32 -> 
  custom:video-decoder-ogg-theora: a1e56fd34408186e4bbccfd4996cb3dc -> 
  custom:container-muxer-webm: aa71ff27fc2769a1b78a27578f13a17b -> 
  custom:container-demuxer-webm: 4f35f7cbe854078d1ac9338744f61a02 -> 
  custom:container-demuxer-ogg: 62fdf1f143b41e24485cea50d1cbac27 -> 
  custom:video-encoder-webm-vp8: eb34c28f22e8b96e1ab97ce403110664 -> 
  custom:video-codec-MediaFoundation-h265: 746d11721c4dcdbdad8f713fa42b33f4 -> 
  custom:video-decoder-webm-vp8: 9c59270c3fd7afecdb556c50c9e8de78 -> 
  custom:audio-decoder-ogg-vorbis: bf7c407c2cedff20999df2af8eb42d56 -> 
  custom:audio-encoder-webm-vorbis: bf7c407c2cedff20999df2af8eb42d56 -> 
AssetImportWorkerClient::OnTransportError - code=2 error=End of file
